Apr 07, 2025 10:11:53 PM cashflow.CashFlowManager <init>
INFO: Initializing CashFlowManager...
Apr 07, 2025 10:11:53 PM java.io.ObjectInputFilter$Config traceFilter
FINER: Builtin factory: null -> new: null
Apr 07, 2025 10:11:53 PM cashflow.CashFlowManager <init>
INFO: Loaded setup config: isFirstTime=false, currency=USD
Apr 07, 2025 10:11:53 PM cashflow.CashFlowManager <init>
INFO: Initializing managers...

4月 07, 2025 11:40:45 下午 cashflow.CashFlowManager <init>
信息: Initializing CashFlowManager...
4月 07, 2025 11:40:45 下午 java.io.ObjectInputFilter$Config traceFilter
较详细: Builtin factory: null -> new: null
4月 07, 2025 11:40:45 下午 cashflow.CashFlowManager <init>
信息: Loaded setup config: isFirstTime=false, currency=USD
4月 07, 2025 11:40:45 下午 cashflow.CashFlowManager <init>
信息: Initializing managers...
4月 08, 2025 12:31:58 上午 cashflow.CashFlowManager <init>
信息: Initializing CashFlowManager...
4月 08, 2025 12:31:58 上午 java.io.ObjectInputFilter$Config traceFilter
较详细: Builtin factory: null -> new: null
4月 08, 2025 12:31:58 上午 cashflow.CashFlowManager <init>
信息: Loaded setup config: isFirstTime=false, currency=USD
4月 08, 2025 12:31:58 上午 cashflow.CashFlowManager <init>
信息: Initializing managers...
4月 08, 2025 12:32:21 上午 cashflow.CashFlowManager <init>
信息: Initializing CashFlowManager...
4月 08, 2025 12:32:21 上午 java.io.ObjectInputFilter$Config traceFilter
较详细: Builtin factory: null -> new: null
4月 08, 2025 12:32:21 上午 cashflow.CashFlowManager <init>
信息: Loaded setup config: isFirstTime=false, currency=USD
4月 08, 2025 12:32:21 上午 cashflow.CashFlowManager <init>
信息: Initializing managers...
4月 08, 2025 12:40:39 上午 cashflow.CashFlowManager <init>
信息: Initializing CashFlowManager...
4月 08, 2025 12:40:39 上午 java.io.ObjectInputFilter$Config traceFilter
较详细: Builtin factory: null -> new: null
4月 08, 2025 12:40:39 上午 cashflow.CashFlowManager <init>
信息: Loaded setup config: isFirstTime=false, currency=USD
4月 08, 2025 12:40:39 上午 cashflow.CashFlowManager <init>
信息: Initializing managers...
4月 08, 2025 12:43:58 上午 cashflow.CashFlowManager <init>
信息: Initializing CashFlowManager...
4月 08, 2025 12:43:58 上午 java.io.ObjectInputFilter$Config traceFilter
较详细: Builtin factory: null -> new: null
4月 08, 2025 12:43:58 上午 cashflow.CashFlowManager <init>
信息: Loaded setup config: isFirstTime=false, currency=USD
4月 08, 2025 12:43:58 上午 cashflow.CashFlowManager <init>
信息: Initializing managers...
4月 08, 2025 12:52:37 上午 cashflow.CashFlowManager <init>
信息: Initializing CashFlowManager...
4月 08, 2025 12:52:37 上午 java.io.ObjectInputFilter$Config traceFilter
较详细: Builtin factory: null -> new: null
4月 08, 2025 12:52:37 上午 cashflow.CashFlowManager <init>
信息: Loaded setup config: isFirstTime=false, currency=USD
4月 08, 2025 12:52:37 上午 cashflow.CashFlowManager <init>
信息: Initializing managers...
4月 08, 2025 12:55:49 上午 cashflow.CashFlowManager <init>
信息: Initializing CashFlowManager...
4月 08, 2025 12:55:49 上午 java.io.ObjectInputFilter$Config traceFilter
较详细: Builtin factory: null -> new: null
4月 08, 2025 12:55:49 上午 cashflow.CashFlowManager <init>
信息: Loaded setup config: isFirstTime=false, currency=USD
4月 08, 2025 12:55:49 上午 cashflow.CashFlowManager <init>
信息: Initializing managers...
4月 08, 2025 12:58:14 上午 cashflow.CashFlowManager <init>
信息: Initializing CashFlowManager...
4月 08, 2025 12:58:14 上午 java.io.ObjectInputFilter$Config traceFilter
较详细: Builtin factory: null -> new: null
4月 08, 2025 12:58:14 上午 cashflow.CashFlowManager <init>
信息: Loaded setup config: isFirstTime=false, currency=USD
4月 08, 2025 12:58:14 上午 cashflow.CashFlowManager <init>
信息: Initializing managers...
