Apr 07, 2025 10:11:53 PM java.io.ObjectInputFilter$Config traceFilter
FINER: Builtin factory: null -> new: null

FINER: Builtin factory: null -> new: null
4月 08, 2025 1:09:56 上午 java.io.ObjectInputFilter$Config traceFilter
较详细: Builtin factory: null -> new: null
4月 08, 2025 1:13:12 上午 java.io.ObjectInputFilter$Config traceFilter
较详细: Builtin factory: null -> new: null
4月 08, 2025 1:21:42 上午 java.io.ObjectInputFilter$Config traceFilter
较详细: Builtin factory: null -> new: null
4月 08, 2025 1:22:25 上午 java.io.ObjectInputFilter$Config traceFilter
较详细: Builtin factory: null -> new: null
4月 08, 2025 1:23:40 上午 java.io.ObjectInputFilter$Config traceFilter
较详细: Builtin factory: null -> new: null
4月 08, 2025 1:24:13 上午 java.io.ObjectInputFilter$Config traceFilter
较详细: Builtin factory: null -> new: null
4月 08, 2025 1:25:43 上午 java.io.ObjectInputFilter$Config traceFilter
较详细: Builtin factory: null -> new: null
4月 08, 2025 1:33:57 上午 java.io.ObjectInputFilter$Config traceFilter
较详细: Builtin factory: null -> new: null
4月 08, 2025 1:39:46 上午 java.io.ObjectInputFilter$Config traceFilter
较详细: Builtin factory: null -> new: null
4月 08, 2025 1:40:29 上午 java.io.ObjectInputFilter$Config traceFilter
较详细: Builtin factory: null -> new: null
4月 08, 2025 1:41:53 上午 java.io.ObjectInputFilter$Config traceFilter
较详细: Builtin factory: null -> new: null
4月 08, 2025 1:44:24 上午 java.io.ObjectInputFilter$Config traceFilter
较详细: Builtin factory: null -> new: null
4月 08, 2025 2:01:17 上午 java.io.ObjectInputFilter$Config traceFilter
较详细: Builtin factory: null -> new: null
4月 08, 2025 2:02:32 上午 java.io.ObjectInputFilter$Config traceFilter
较详细: Builtin factory: null -> new: null
4月 08, 2025 2:04:01 上午 java.io.ObjectInputFilter$Config traceFilter
较详细: Builtin factory: null -> new: null
4月 08, 2025 2:23:37 上午 java.io.ObjectInputFilter$Config traceFilter
较详细: Builtin factory: null -> new: null
4月 08, 2025 2:38:14 上午 java.io.ObjectInputFilter$Config traceFilter
较详细: Builtin factory: null -> new: null
4月 08, 2025 2:38:26 上午 java.io.ObjectInputFilter$Config traceFilter
较详细: Builtin factory: null -> new: null
Apr 08, 2025 3:14:34 AM java.io.ObjectInputFilter$Config traceFilter
FINER: Builtin factory: null -> new: null
Apr 08, 2025 3:16:53 AM java.io.ObjectInputFilter$Config traceFilter
FINER: Builtin factory: null -> new: null
Apr 08, 2025 3:18:36 AM java.io.ObjectInputFilter$Config traceFilter
FINER: Builtin factory: null -> new: null
Apr 08, 2025 3:20:21 AM java.io.ObjectInputFilter$Config traceFilter
FINER: Builtin factory: null -> new: null
Apr 08, 2025 1:06:09 AM java.io.ObjectInputFilter$Config traceFilter
FINER: Builtin factory: null -> new: null
