Apr 06, 2025 12:35:43 PM expenseincome.income.IncomeManager deleteIncome
WARNING: Failed to delete income
expenseincome.income.exceptions.IncomeException: No incomes to delete. Your list is empty.
	at expenseincome.income.IncomeManager.validateIndex(IncomeManager.java:205)
	at expenseincome.income.IncomeManager.deleteIncome(IncomeManager.java:110)
	at expenseincome.income.commands.DeleteIncomeCommand.execute(DeleteIncomeCommand.java:17)
	at expenseincome.income.HandleIncomeCommand.handle(HandleIncomeCommand.java:25)
	at cashflow.ui.UI.run(UI.java:82)
	at cashflow.CashFlowManager.run(CashFlowManager.java:95)
	at cashflow.Main.main(Main.java:5)

Apr 06, 2025 12:36:33 PM expenseincome.expense.ExpenseManager deleteExpense
WARNING: Failed to delete expense at index: 1
expenseincome.expense.exceptions.ExpenseException: No expenses to delete. Your list is empty.
	at expenseincome.expense.ExpenseManager.validateIndex(ExpenseManager.java:232)
	at expenseincome.expense.ExpenseManager.deleteExpense(ExpenseManager.java:110)
	at expenseincome.expense.commands.DeleteExpenseCommand.execute(DeleteExpenseCommand.java:17)
	at expenseincome.expense.HandleExpenseCommand.handle(HandleExpenseCommand.java:25)
	at cashflow.ui.UI.run(UI.java:79)
	at cashflow.CashFlowManager.run(CashFlowManager.java:95)
	at cashflow.Main.main(Main.java:5)

Apr 06, 2025 12:36:35 PM expenseincome.expense.ExpenseManager deleteExpense
WARNING: Failed to delete expense at index: 1
expenseincome.expense.exceptions.ExpenseException: No expenses to delete. Your list is empty.
	at expenseincome.expense.ExpenseManager.validateIndex(ExpenseManager.java:232)
	at expenseincome.expense.ExpenseManager.deleteExpense(ExpenseManager.java:110)
	at expenseincome.expense.commands.DeleteExpenseCommand.execute(DeleteExpenseCommand.java:17)
	at expenseincome.expense.HandleExpenseCommand.handle(HandleExpenseCommand.java:25)
	at cashflow.ui.UI.run(UI.java:79)
	at cashflow.CashFlowManager.run(CashFlowManager.java:95)
	at cashflow.Main.main(Main.java:5)

Apr 06, 2025 12:37:18 PM expenseincome.income.IncomeManager deleteIncome
WARNING: Failed to delete income
expenseincome.income.exceptions.IncomeException: No incomes to delete. Your list is empty.
	at expenseincome.income.IncomeManager.validateIndex(IncomeManager.java:205)
	at expenseincome.income.IncomeManager.deleteIncome(IncomeManager.java:110)
	at expenseincome.income.commands.DeleteIncomeCommand.execute(DeleteIncomeCommand.java:17)
	at expenseincome.income.HandleIncomeCommand.handle(HandleIncomeCommand.java:25)
	at cashflow.ui.UI.run(UI.java:82)
	at cashflow.CashFlowManager.run(CashFlowManager.java:95)
	at cashflow.Main.main(Main.java:5)

Apr 06, 2025 12:37:32 PM expenseincome.income.IncomeManager addIncome
INFO: Added income: 1 - USD 1.00 on 2025-04-06 [Category: 1]
Apr 06, 2025 12:41:34 PM expenseincome.income.IncomeManager deleteIncome
WARNING: Failed to delete income
expenseincome.income.exceptions.IncomeException: No incomes to delete. Your list is empty.
	at expenseincome.income.IncomeManager.validateIndex(IncomeManager.java:205)
	at expenseincome.income.IncomeManager.deleteIncome(IncomeManager.java:110)
	at expenseincome.income.commands.DeleteIncomeCommand.execute(DeleteIncomeCommand.java:17)
	at expenseincome.income.HandleIncomeCommand.handle(HandleIncomeCommand.java:25)
	at cashflow.ui.UI.run(UI.java:82)
	at cashflow.CashFlowManager.run(CashFlowManager.java:95)
	at cashflow.Main.main(Main.java:5)

Apr 06, 2025 12:41:37 PM expenseincome.income.IncomeManager deleteIncome
WARNING: Failed to delete income
expenseincome.income.exceptions.IncomeException: No incomes to delete. Your list is empty.
	at expenseincome.income.IncomeManager.validateIndex(IncomeManager.java:205)
	at expenseincome.income.IncomeManager.deleteIncome(IncomeManager.java:110)
	at expenseincome.income.commands.DeleteIncomeCommand.execute(DeleteIncomeCommand.java:17)
	at expenseincome.income.HandleIncomeCommand.handle(HandleIncomeCommand.java:25)
	at cashflow.ui.UI.run(UI.java:82)
	at cashflow.CashFlowManager.run(CashFlowManager.java:95)
	at cashflow.Main.main(Main.java:5)

Apr 06, 2025 12:41:39 PM expenseincome.income.IncomeManager addIncome
INFO: Added income: 1 - USD 1.00 on 2025-04-06 [Category: 1]
Apr 06, 2025 12:41:41 PM expenseincome.income.IncomeManager deleteIncome
WARNING: Failed to delete income
expenseincome.income.exceptions.IncomeException: Invalid index: must be between 1 and 1
	at expenseincome.income.IncomeManager.validateIndex(IncomeManager.java:208)
	at expenseincome.income.IncomeManager.deleteIncome(IncomeManager.java:110)
	at expenseincome.income.commands.DeleteIncomeCommand.execute(DeleteIncomeCommand.java:17)
	at expenseincome.income.HandleIncomeCommand.handle(HandleIncomeCommand.java:25)
	at cashflow.ui.UI.run(UI.java:82)
	at cashflow.CashFlowManager.run(CashFlowManager.java:95)
	at cashflow.Main.main(Main.java:5)

Apr 06, 2025 12:41:48 PM expenseincome.income.IncomeManager addIncome
INFO: Added income: 1 - USD 1.00 on 2025-04-06 [Category: 1]
Apr 06, 2025 12:41:50 PM expenseincome.income.IncomeManager deleteIncome
INFO: Deleted income: 1 - USD 1.00 on 2025-04-06 [Category: 1]
